<?xml version="1.0" encoding="UTF-8"?>
<!-- Generated by org.testng.reporters.JUnitReportReporter -->
<testsuite hostname="DESKTOP-5347VP1" failures="0" tests="1" name="Com.Ecommerce.TestCases.TC_NewRegistration" time="17.180" errors="0" timestamp="2023-01-22T17:05:00 IST" skipped="0">
  <testcase classname="Com.Ecommerce.TestCases.TC_NewRegistration" name="Registration" time="17.180"/>
  <system-out/>
</testsuite> <!-- Com.Ecommerce.TestCases.TC_NewRegistration -->
