<?xml version="1.0" encoding="UTF-8"?>
<!-- Generated by org.testng.reporters.JUnitReportReporter -->
<testsuite hostname="Ranjeet-MacBook-Pro.local" failures="0" tests="1" name="Com.Ecommerce.TestCases.TC_AddToCart" time="23.646" errors="0" timestamp="2023-01-19T09:01:03 IST" skipped="0">
  <testcase classname="Com.Ecommerce.TestCases.TC_AddToCart" name="AddProduct" time="23.646"/>
  <system-out/>
</testsuite> <!-- Com.Ecommerce.TestCases.TC_AddToCart -->
